<?xml version="1.0" encoding="UTF-8"?>
<testng-results ignored="0" total="1" passed="1" failed="0" skipped="0">
  <reporter-output>
  </reporter-output>
  <suite started-at="2025-08-25T17:24:59 IST" name="Default suite" finished-at="2025-08-25T18:16:37 IST" duration-ms="3098095">
    <groups>
    </groups>
    <test started-at="2025-08-25T17:24:59 IST" name="Default test" finished-at="2025-08-25T18:16:37 IST" duration-ms="3098095">
      <class name="Excel">
        <test-method is-config="true" signature="setup()[pri:0, instance:Excel@79e4c792]" started-at="2025-08-25T17:24:59 IST" name="setup" finished-at="2025-08-25T17:24:59 IST" duration-ms="0" status="PASS">
          <reporter-output>
          </reporter-output>
        </test-method> <!-- setup -->
        <test-method signature="openUrlsFromExcel()[pri:0, instance:Excel@79e4c792]" started-at="2025-08-25T17:24:59 IST" name="openUrlsFromExcel" finished-at="2025-08-25T18:16:36 IST" duration-ms="3097604" status="PASS">
          <reporter-output>
          </reporter-output>
        </test-method> <!-- openUrlsFromExcel -->
        <test-method is-config="true" signature="tearDown()[pri:0, instance:Excel@79e4c792]" started-at="2025-08-25T18:16:36 IST" name="tearDown" finished-at="2025-08-25T18:16:37 IST" duration-ms="446" status="PASS">
          <reporter-output>
          </reporter-output>
        </test-method> <!-- tearDown -->
      </class> <!-- Excel -->
    </test> <!-- Default test -->
  </suite> <!-- Default suite -->
</testng-results>
