<?xml version="1.0" encoding="UTF-8"?>
<testng-results ignored="0" total="1" passed="1" failed="0" skipped="0">
  <reporter-output>
  </reporter-output>
  <suite started-at="2026-04-10T16:54:11 IST" name="Suite" finished-at="2026-04-10T16:54:34 IST" duration-ms="23230">
    <groups>
    </groups>
    <test started-at="2026-04-10T16:54:11 IST" name="Test" finished-at="2026-04-10T16:54:34 IST" duration-ms="23230">
      <class name="Wedding_Selenium_Framework_2.FrameworkSelenium2.StandAlone">
        <test-method is-config="true" signature="initializeDriver()[pri:0, instance:Wedding_Selenium_Framework_2.FrameworkSelenium2.StandAlone@248e319b]" started-at="2026-04-10T16:53:56 IST" name="initializeDriver" finished-at="2026-04-10T16:54:11 IST" duration-ms="15491" status="PASS">
          <reporter-output>
          </reporter-output>
        </test-method> <!-- initializeDriver -->
        <test-method signature="submitOrder()[pri:0, instance:Wedding_Selenium_Framework_2.FrameworkSelenium2.StandAlone@248e319b]" started-at="2026-04-10T16:54:11 IST" name="submitOrder" finished-at="2026-04-10T16:54:34 IST" duration-ms="23199" status="PASS">
          <reporter-output>
          </reporter-output>
        </test-method> <!-- submitOrder -->
      </class> <!-- Wedding_Selenium_Framework_2.FrameworkSelenium2.StandAlone -->
    </test> <!-- Test -->
  </suite> <!-- Suite -->
</testng-results>
