<?xml version="1.0" encoding="UTF-8"?>
<!-- Generated by org.testng.reporters.JUnitReportReporter -->
<testsuite hostname="PROVINCE-DEV-03" failures="0" tests="1" name="Wedding_Selenium_Framework_2.FrameworkSelenium2.StandAlone" time="23.199" errors="0" timestamp="2026-04-10T16:54:35 IST" skipped="0">
  <testcase classname="Wedding_Selenium_Framework_2.FrameworkSelenium2.StandAlone" name="submitOrder" time="23.199"/>
</testsuite> <!-- Wedding_Selenium_Framework_2.FrameworkSelenium2.StandAlone -->
