<?xml version="1.0" encoding="UTF-8"?>
<!-- Generated by org.testng.reporters.JUnitXMLReporter -->
<testsuite ignored="0" hostname="PROVINCE-DEV-03" failures="1" tests="1" name="Test" time="12.893" errors="0" timestamp="2025-08-25T16:31:46 IST">
  <testcase classname="Excel" name="openUrlsFromExcel" time="11.993">
    <failure type="java.lang.AssertionError" message="Title mismatch for URL: https://uat.crystaltravel.co.uk/flights/business-class/to-washington expected [Book Flights, Hotels, and Vacation Packages | Crystal Travel] but found [Business Class Flights to Washington DC ( IAD ) - Crystal Travel]">
      <![CDATA[java.lang.AssertionError: Title mismatch for URL: https://uat.crystaltravel.co.uk/flights/business-class/to-washington expected [Book Flights, Hotels, and Vacation Packages | Crystal Travel] but found [Business Class Flights to Washington DC ( IAD ) - Crystal Travel]
at Excel.openUrlsFromExcel(Excel.java:66)
at java.base/java.util.ArrayList.forEach(ArrayList.java:1511)
... Removed 32 stack frames]]>
    </failure>
  </testcase> <!-- openUrlsFromExcel -->
</testsuite> <!-- Test -->
